2023.01.11 01:45:10 INFO  es[][o.e.n.Node] version[7.16.2], pid[36], build[default/tar/2b937c44140b6559905130a8650c64dbd0879cfb/2021-12-18T19:42:46.604893745Z], OS[Linux/3.10.0-957.el7.x86_64/amd64], JVM[AdoptOpenJDK/OpenJDK 64-Bit Server VM/11.0.11/11.0.11+9]
2023.01.11 01:45:10 INFO  es[][o.e.n.Node] JVM home [/opt/java/openjdk]
2023.01.11 01:45:10 INFO  es[][o.e.n.Node] JVM arguments [-XX:+UseG1GC, -Djava.io.tmpdir=/opt/sonarqube/temp, -XX:ErrorFile=../logs/es_hs_err_pid%p.log, -Des.networkaddress.cache.ttl=60, -Des.networkaddress.cache.negative.ttl=10, -XX:+AlwaysPreTouch, -Xss1m, -Djava.awt.headless=true, -Dfile.encoding=UTF-8, -Djna.nosys=true, -Djna.tmpdir=/opt/sonarqube/temp, -XX:-OmitStackTraceInFastThrow, -Dio.netty.noUnsafe=true, -Dio.netty.noKeySetOptimization=true, -Dio.netty.recycler.maxCapacityPerThread=0, -Dio.netty.allocator.numDirectArenas=0, -Dlog4j.shutdownHookEnabled=false, -Dlog4j2.disable.jmx=true, -Dlog4j2.formatMsgNoLookups=true, -Djava.locale.providers=COMPAT, -Des.enforce.bootstrap.checks=true, -Xmx512m, -Xms512m, -XX:MaxDirectMemorySize=256m, -XX:+HeapDumpOnOutOfMemoryError, -Des.path.home=/opt/sonarqube/elasticsearch, -Des.path.conf=/opt/sonarqube/temp/conf/es, -Des.distribution.flavor=default, -Des.distribution.type=tar, -Des.bundled_jdk=false]
2023.01.11 01:45:10 INFO  es[][o.e.p.PluginsService] loaded module [analysis-common]
2023.01.11 01:45:10 INFO  es[][o.e.p.PluginsService] loaded module [lang-painless]
2023.01.11 01:45:10 INFO  es[][o.e.p.PluginsService] loaded module [parent-join]
2023.01.11 01:45:10 INFO  es[][o.e.p.PluginsService] loaded module [transport-netty4]
2023.01.11 01:45:10 INFO  es[][o.e.p.PluginsService] no plugins loaded
2023.01.11 01:45:10 INFO  es[][o.e.e.NodeEnvironment] using [1] data paths, mounts [[/opt/sonarqube/data (/dev/mapper/centos-root)]], net usable_space [35gb], net total_space [46.9gb], types [xfs]
2023.01.11 01:45:10 INFO  es[][o.e.e.NodeEnvironment] heap size [512mb], compressed ordinary object pointers [true]
2023.01.11 01:45:10 INFO  es[][o.e.n.Node] node name [sonarqube], node ID [CmTyDBAJQoeN8od_JUZyTg], cluster name [sonarqube], roles [data_frozen, master, remote_cluster_client, data, data_content, data_hot, data_warm, data_cold, ingest]
2023.01.11 01:45:13 INFO  es[][o.e.t.NettyAllocator] creating NettyAllocator with the following configs: [name=unpooled, suggested_max_allocation_size=256kb, factors={es.unsafe.use_unpooled_allocator=null, g1gc_enabled=true, g1gc_region_size=1mb, heap_size=512mb}]
2023.01.11 01:45:13 INFO  es[][o.e.d.DiscoveryModule] using discovery type [zen] and seed hosts providers [settings]
2023.01.11 01:45:13 INFO  es[][o.e.g.DanglingIndicesState] gateway.auto_import_dangling_indices is disabled, dangling indices will not be automatically detected or imported and must be managed manually
2023.01.11 01:45:14 INFO  es[][o.e.n.Node] initialized
2023.01.11 01:45:14 INFO  es[][o.e.n.Node] starting ...
2023.01.11 01:45:14 INFO  es[][o.e.t.TransportService] publish_address {127.0.0.1:42796}, bound_addresses {127.0.0.1:42796}
2023.01.11 01:45:14 INFO  es[][o.e.b.BootstrapChecks] explicitly enforcing bootstrap checks
2023.01.11 01:45:14 INFO  es[][o.e.c.c.Coordinator] setting initial configuration to VotingConfiguration{CmTyDBAJQoeN8od_JUZyTg}
2023.01.11 01:45:14 INFO  es[][o.e.c.s.MasterService] elected-as-master ([1] nodes joined)[{sonarqube}{CmTyDBAJQoeN8od_JUZyTg}{s_3jsREQRxusQnS3Po_-FQ}{127.0.0.1}{127.0.0.1:42796}{cdfhimrsw} elect leader, _BECOME_MASTER_TASK_, _FINISH_ELECTION_], term: 1, version: 1, delta: master node changed {previous [], current [{sonarqube}{CmTyDBAJQoeN8od_JUZyTg}{s_3jsREQRxusQnS3Po_-FQ}{127.0.0.1}{127.0.0.1:42796}{cdfhimrsw}]}
2023.01.11 01:45:14 INFO  es[][o.e.c.c.CoordinationState] cluster UUID set to [MVBeOfCmS8uIXKtUtVx0vA]
2023.01.11 01:45:14 INFO  es[][o.e.c.s.ClusterApplierService] master node changed {previous [], current [{sonarqube}{CmTyDBAJQoeN8od_JUZyTg}{s_3jsREQRxusQnS3Po_-FQ}{127.0.0.1}{127.0.0.1:42796}{cdfhimrsw}]}, term: 1, version: 1, reason: Publication{term=1, version=1}
2023.01.11 01:45:14 INFO  es[][o.e.g.GatewayService] recovered [0] indices into cluster_state
2023.01.11 01:45:14 INFO  es[][o.e.h.AbstractHttpServerTransport] publish_address {127.0.0.1:9001}, bound_addresses {127.0.0.1:9001}
2023.01.11 01:45:14 INFO  es[][o.e.n.Node] started
2023.01.11 01:45:24 INFO  es[][o.e.c.m.MetadataCreateIndexService] [metadatas] creating index, cause [api], templates [], shards [1]/[0]
2023.01.11 01:45:25 INFO  es[][o.e.c.r.a.AllocationService] Cluster health status changed from [YELLOW] to [GREEN] (reason: [shards started [[metadatas][0]]]).
2023.01.11 01:45:25 INFO  es[][o.e.c.m.MetadataMappingService] [metadatas/9R-Lci7MTtWJvtGSJgMk6A] create_mapping [metadata]
2023.01.11 01:45:26 INFO  es[][o.e.c.m.MetadataCreateIndexService] [components] creating index, cause [api], templates [], shards [5]/[0]
2023.01.11 01:45:26 INFO  es[][o.e.c.r.a.AllocationService] Cluster health status changed from [YELLOW] to [GREEN] (reason: [shards started [[components][4]]]).
2023.01.11 01:45:26 INFO  es[][o.e.c.m.MetadataMappingService] [components/KUTxI_w9QEKQFSgH_jzmTw] create_mapping [auth]
2023.01.11 01:45:26 INFO  es[][o.e.c.m.MetadataCreateIndexService] [projectmeasures] creating index, cause [api], templates [], shards [5]/[0]
2023.01.11 01:45:26 INFO  es[][o.e.c.r.a.AllocationService] Cluster health status changed from [YELLOW] to [GREEN] (reason: [shards started [[projectmeasures][4]]]).
2023.01.11 01:45:27 INFO  es[][o.e.c.m.MetadataMappingService] [projectmeasures/1hFLhqzBS86KGhrSpf-OtA] create_mapping [auth]
2023.01.11 01:45:27 INFO  es[][o.e.c.m.MetadataCreateIndexService] [rules] creating index, cause [api], templates [], shards [2]/[0]
2023.01.11 01:45:27 INFO  es[][o.e.c.r.a.AllocationService] Cluster health status changed from [YELLOW] to [GREEN] (reason: [shards started [[rules][0]]]).
2023.01.11 01:45:27 INFO  es[][o.e.c.m.MetadataMappingService] [rules/d4qDsCSITtGop1pRwGlZIA] create_mapping [rule]
2023.01.11 01:45:27 INFO  es[][o.e.c.m.MetadataCreateIndexService] [issues] creating index, cause [api], templates [], shards [5]/[0]
2023.01.11 01:45:28 INFO  es[][o.e.c.r.a.AllocationService] Cluster health status changed from [YELLOW] to [GREEN] (reason: [shards started [[issues][4]]]).
2023.01.11 01:45:28 INFO  es[][o.e.c.m.MetadataMappingService] [issues/FpAqlwsRSv6pyhJqsqkBzw] create_mapping [auth]
2023.01.11 01:45:28 INFO  es[][o.e.c.m.MetadataCreateIndexService] [users] creating index, cause [api], templates [], shards [1]/[0]
2023.01.11 01:45:28 INFO  es[][o.e.c.r.a.AllocationService] Cluster health status changed from [YELLOW] to [GREEN] (reason: [shards started [[users][0]]]).
2023.01.11 01:45:28 INFO  es[][o.e.c.m.MetadataMappingService] [users/0qBQbkc9S6ChahCuWhAHxA] create_mapping [user]
2023.01.11 01:45:28 INFO  es[][o.e.c.m.MetadataCreateIndexService] [views] creating index, cause [api], templates [], shards [5]/[0]
2023.01.11 01:45:28 INFO  es[][o.e.c.r.a.AllocationService] Cluster health status changed from [YELLOW] to [GREEN] (reason: [shards started [[views][4]]]).
2023.01.11 01:45:29 INFO  es[][o.e.c.m.MetadataMappingService] [views/MLEICUOVShiKMiJfuzsb3w] create_mapping [view]
2023.01.11 01:45:54 INFO  es[][o.e.c.s.IndexScopedSettings] updating [index.refresh_interval] from [30s] to [-1]
2023.01.11 01:45:54 INFO  es[][o.e.c.s.IndexScopedSettings] updating [index.refresh_interval] from [30s] to [-1]
2023.01.11 01:45:55 INFO  es[][o.e.c.s.IndexScopedSettings] updating [index.refresh_interval] from [-1] to [30s]
2023.01.11 01:45:55 INFO  es[][o.e.c.s.IndexScopedSettings] updating [index.refresh_interval] from [-1] to [30s]
2023.01.11 01:45:55 INFO  es[][o.e.c.s.IndexScopedSettings] updating [index.refresh_interval] from [30s] to [-1]
2023.01.11 01:45:55 INFO  es[][o.e.c.s.IndexScopedSettings] updating [index.refresh_interval] from [30s] to [-1]
2023.01.11 01:45:55 INFO  es[][o.e.c.s.IndexScopedSettings] updating [index.refresh_interval] from [-1] to [30s]
2023.01.11 01:45:55 INFO  es[][o.e.c.s.IndexScopedSettings] updating [index.refresh_interval] from [-1] to [30s]
